<?xml version="1.0" encoding="UTF-8"?>
<!-- Generated by org.testng.reporters.JUnitReportReporter -->
<testsuite skipped="0" hostname="DESKTOP-AL9GHFP" name="com.campus.qa.testcases.PlaceOrderAsRegisteredUserTest" tests="2" failures="0" timestamp="09 Sep 2019 15:13:22 GMT" time="459.404" errors="0">
  <testcase name="ToPlaceOrderAsUnRegisteredUserTest" time="226.063" classname="com.campus.qa.testcases.PlaceOrderAsRegisteredUserTest"/>
  <testcase name="ToPlaceAnOrderAsRegisteredUser" time="233.341" classname="com.campus.qa.testcases.PlaceOrderAsRegisteredUserTest"/>
</testsuite> <!-- com.campus.qa.testcases.PlaceOrderAsRegisteredUserTest -->
