<?xml version="1.0" encoding="UTF-8"?>
<!-- Generated by org.testng.reporters.JUnitReportReporter -->
<testsuite skipped="0" hostname="DESKTOP-AL9GHFP" name="com.campus.qa.testcases.PlaceOrderAsRegisteredUserTest" tests="2" failures="0" timestamp="04 Sep 2019 07:39:21 GMT" time="455.499" errors="0">
  <testcase name="ToPlaceOrderAsUnRegisteredUserTest" time="226.611" classname="com.campus.qa.testcases.PlaceOrderAsRegisteredUserTest"/>
  <testcase name="ToPlaceAnOrderAsRegisteredUser" time="228.888" classname="com.campus.qa.testcases.PlaceOrderAsRegisteredUserTest"/>
</testsuite> <!-- com.campus.qa.testcases.PlaceOrderAsRegisteredUserTest -->
