<?xml version="1.0" encoding="UTF-8"?>
<!-- Generated by org.testng.reporters.JUnitReportReporter -->
<testsuite skipped="0" hostname="DESKTOP-AL9GHFP" name="com.campus.qa.testcases.PlaceOrderAsRegisteredUserTest" tests="2" failures="0" timestamp="11 Sep 2019 06:26:19 GMT" time="459.491" errors="0">
  <testcase name="ToPlaceOrderAsUnRegisteredUserTest" time="233.043" classname="com.campus.qa.testcases.PlaceOrderAsRegisteredUserTest"/>
  <testcase name="ToPlaceAnOrderAsRegisteredUser" time="226.448" classname="com.campus.qa.testcases.PlaceOrderAsRegisteredUserTest"/>
</testsuite> <!-- com.campus.qa.testcases.PlaceOrderAsRegisteredUserTest -->
